<?xml version="1.0" encoding="UTF-8"?>
<!-- Generated by org.testng.reporters.JUnitReportReporter -->
<testsuite hostname="GSOD-JPHELGAR" name="bluesource.testreddit" tests="1" failures="0" timestamp="5 Jun 2015 22:24:29 GMT" time="3.471" errors="0">
  <testcase name="orgReposTreeTest" time="3.471" classname="bluesource.testreddit"/>
</testsuite> <!-- bluesource.testreddit -->
